[INFO ] 2023-05-03 01:06:33.261 [main] Usertest - ________________user created_____________________
[INFO ] 2023-05-03 01:06:38.476 [main] Usertest - ________________user successfully created_____________________
[INFO ] 2023-05-03 01:06:40.099 [main] Usertest - ________________user fetched_____________________________
[INFO ] 2023-05-03 01:06:40.119 [main] Usertest - ________________user fetched created_____________________
[INFO ] 2023-05-03 01:08:35.842 [main] Usertest - ________________user created_____________________
[INFO ] 2023-05-03 01:08:40.125 [main] Usertest - ________________user successfully created_____________________
[INFO ] 2023-05-03 01:08:41.748 [main] Usertest - ________________user fetched_____________________________
[INFO ] 2023-05-03 01:08:41.767 [main] Usertest - ________________user fetched created_____________________
[INFO ] 2023-05-03 01:08:43.799 [main] Usertest -  ----------------update user--------------------- 
[INFO ] 2023-05-03 01:08:43.802 [main] Usertest -  ----------------updated user succesfully--------------------- 
[INFO ] 2023-05-03 01:08:43.802 [main] Usertest -  ----------------updated user fetched--------------------- 
[INFO ] 2023-05-03 01:08:45.540 [main] Usertest -  ----------------updated user fetched successfully--------------------- 
[INFO ] 2023-05-03 01:08:45.544 [main] Usertest -  ----------------delete user--------------------- 
[INFO ] 2023-05-03 01:08:47.483 [main] Usertest -  ----------------delete user successfully--------------------- 
[INFO ] 2023-05-03 01:10:19.660 [main] Usertest - ________________user created_____________________
[INFO ] 2023-05-03 01:10:23.644 [main] Usertest - ________________user successfully created_____________________
[INFO ] 2023-05-03 01:10:25.789 [main] Usertest - ________________user fetching_____________________________
[INFO ] 2023-05-03 01:10:25.799 [main] Usertest - ________________user fetched successfully_____________________
[INFO ] 2023-05-03 01:10:27.937 [main] Usertest -  ----------------update user--------------------- 
[INFO ] 2023-05-03 01:10:27.939 [main] Usertest -  ----------------updated user succesfully--------------------- 
[INFO ] 2023-05-03 01:10:27.939 [main] Usertest -  ----------------updated user fetching--------------------- 
[INFO ] 2023-05-03 01:10:29.679 [main] Usertest -  ----------------updated user fetched successfully--------------------- 
[INFO ] 2023-05-03 01:10:29.687 [main] Usertest -  ----------------delete user--------------------- 
[INFO ] 2023-05-03 01:10:31.623 [main] Usertest -  ----------------delete user successfully--------------------- 
[INFO ] 2023-05-03 01:48:59.454 [main] Usertest - ________________user created_____________________
[INFO ] 2023-05-03 01:49:04.357 [main] Usertest - ________________user successfully created_____________________
[INFO ] 2023-05-03 01:49:06.071 [main] Usertest - ________________user fetching_____________________________
[INFO ] 2023-05-03 01:49:06.092 [main] Usertest - ________________user fetched successfully_____________________
[INFO ] 2023-05-03 01:49:08.012 [main] Usertest -  ----------------update user--------------------- 
[INFO ] 2023-05-03 01:49:08.014 [main] Usertest -  ----------------updated user succesfully--------------------- 
[INFO ] 2023-05-03 01:49:08.014 [main] Usertest -  ----------------updated user fetching--------------------- 
[INFO ] 2023-05-03 01:49:09.734 [main] Usertest -  ----------------updated user fetched successfully--------------------- 
[INFO ] 2023-05-03 01:49:09.737 [main] Usertest -  ----------------delete user--------------------- 
[INFO ] 2023-05-03 01:49:11.804 [main] Usertest -  ----------------delete user successfully--------------------- 
[INFO ] 2023-05-03 01:49:34.713 [main] Usertest - ________________user created_____________________
[INFO ] 2023-05-03 01:49:39.284 [main] Usertest - ________________user successfully created_____________________
[INFO ] 2023-05-03 01:49:41.297 [main] Usertest - ________________user fetching_____________________________
[INFO ] 2023-05-03 01:49:41.308 [main] Usertest - ________________user fetched successfully_____________________
[INFO ] 2023-05-03 01:49:43.343 [main] Usertest -  ----------------update user--------------------- 
[INFO ] 2023-05-03 01:49:43.347 [main] Usertest -  ----------------updated user succesfully--------------------- 
[INFO ] 2023-05-03 01:49:43.347 [main] Usertest -  ----------------updated user fetching--------------------- 
[INFO ] 2023-05-03 01:49:45.391 [main] Usertest -  ----------------updated user fetched successfully--------------------- 
[INFO ] 2023-05-03 01:49:45.396 [main] Usertest -  ----------------delete user--------------------- 
[INFO ] 2023-05-03 01:49:47.438 [main] Usertest -  ----------------delete user successfully--------------------- 
[INFO ] 2023-05-03 01:50:29.211 [main] Usertest - ________________user created_____________________
[INFO ] 2023-05-03 01:50:33.739 [main] Usertest - ________________user successfully created_____________________
[INFO ] 2023-05-03 01:50:35.771 [main] Usertest - ________________user fetching_____________________________
[INFO ] 2023-05-03 01:50:35.783 [main] Usertest - ________________user fetched successfully_____________________
[INFO ] 2023-05-03 01:50:37.614 [main] Usertest -  ----------------update user--------------------- 
[INFO ] 2023-05-03 01:50:37.616 [main] Usertest -  ----------------updated user succesfully--------------------- 
[INFO ] 2023-05-03 01:50:37.616 [main] Usertest -  ----------------updated user fetching--------------------- 
[INFO ] 2023-05-03 01:50:39.464 [main] Usertest -  ----------------updated user fetched successfully--------------------- 
[INFO ] 2023-05-03 01:50:39.467 [main] Usertest -  ----------------delete user--------------------- 
[INFO ] 2023-05-03 01:50:41.200 [main] Usertest -  ----------------delete user successfully--------------------- 
[INFO ] 2023-05-03 01:51:46.362 [main] Usertest - ________________user created_____________________
[INFO ] 2023-05-03 01:51:51.177 [main] Usertest - ________________user successfully created_____________________
[INFO ] 2023-05-03 01:51:53.185 [main] Usertest - ________________user fetching_____________________________
[INFO ] 2023-05-03 01:51:53.197 [main] Usertest - ________________user fetched successfully_____________________
[INFO ] 2023-05-03 01:51:55.231 [main] Usertest -  ----------------update user--------------------- 
[INFO ] 2023-05-03 01:51:55.233 [main] Usertest -  ----------------updated user succesfully--------------------- 
[INFO ] 2023-05-03 01:51:55.233 [main] Usertest -  ----------------updated user fetching--------------------- 
[INFO ] 2023-05-03 01:51:58.614 [main] Usertest -  ----------------updated user fetched successfully--------------------- 
[INFO ] 2023-05-03 01:51:58.618 [main] Usertest -  ----------------delete user--------------------- 
[INFO ] 2023-05-03 01:52:00.557 [main] Usertest -  ----------------delete user successfully--------------------- 
